<?xml version="1.0" encoding="UTF-8"?>
<testng-results ignored="0" total="3" passed="3" failed="0" skipped="0">
  <reporter-output>
    <line>
      <![CDATA[hello]]>
    </line>
    <line>
      <![CDATA[hi]]>
    </line>
    <line>
      <![CDATA[hi selenium]]>
    </line>
  </reporter-output>
  <suite started-at="2023-02-11T15:35:51 IST" name="Suite" finished-at="2023-02-11T15:35:52 IST" duration-ms="71">
    <groups>
    </groups>
    <test started-at="2023-02-11T15:35:51 IST" name="Test" finished-at="2023-02-11T15:35:52 IST" duration-ms="71">
      <class name="scripts.tc3">
        <test-method signature="demo()[pri:0, instance:scripts.tc3@1700915]" started-at="2023-02-11T15:35:52 IST" name="demo" finished-at="2023-02-11T15:35:52 IST" duration-ms="2" status="PASS">
          <reporter-output>
            <line>
              <![CDATA[hi selenium]]>
            </line>
          </reporter-output>
        </test-method> <!-- demo -->
      </class> <!-- scripts.tc3 -->
      <class name="scripts.tc2">
        <test-method signature="demo()[pri:0, instance:scripts.tc2@a9cd3b1]" started-at="2023-02-11T15:35:51 IST" name="demo" finished-at="2023-02-11T15:35:52 IST" duration-ms="14" status="PASS">
          <reporter-output>
            <line>
              <![CDATA[hello]]>
            </line>
          </reporter-output>
        </test-method> <!-- demo -->
      </class> <!-- scripts.tc2 -->
      <class name="scripts.tc1">
        <test-method signature="demo()[pri:0, instance:scripts.tc1@48ae9b55]" started-at="2023-02-11T15:35:52 IST" name="demo" finished-at="2023-02-11T15:35:52 IST" duration-ms="3" status="PASS">
          <reporter-output>
            <line>
              <![CDATA[hi]]>
            </line>
          </reporter-output>
        </test-method> <!-- demo -->
      </class> <!-- scripts.tc1 -->
    </test> <!-- Test -->
  </suite> <!-- Suite -->
</testng-results>
